<?xml version="1.0" encoding="UTF-8"?>
<!-- Generated by org.testng.reporters.JUnitXMLReporter -->
<testsuite ignored="0" hostname="DESKTOP-9BNPP6S" failures="1" tests="1" name="Test" time="42.046" errors="0" timestamp="2023-07-14T19:39:07 IST">
  <testcase classname="test.PB_TC_1020_ValidatePolicyUserName" name="validateUserName" time="3.085">
    <failure type="java.lang.AssertionError" message="TC is failed actual and expected are not matching expected [Shalaka Pandurang Mithari1] but found [Shalaka Pandurang Mithari]">
      <![CDATA[java.lang.AssertionError: TC is failed actual and expected are not matching expected [Shalaka Pandurang Mithari1] but found [Shalaka Pandurang Mithari]
at test.PB_TC_1020_ValidatePolicyUserName.validateUserName(PB_TC_1020_ValidatePolicyUserName.java:81)
at java.base/java.util.ArrayList.forEach(ArrayList.java:1511)
... Removed 32 stack frames]]>
    </failure>
  </testcase> <!-- validateUserName -->
</testsuite> <!-- Test -->
