<?xml version="1.0" encoding="UTF-8"?>
<testng-results ignored="0" total="1" passed="0" failed="1" skipped="0">
  <reporter-output>
    <line>
      <![CDATA[Waiting for1000miliSec]]>
    </line>
    <line>
      <![CDATA[reading data urlfrom property file]]>
    </line>
    <line>
      <![CDATA[Launching browser]]>
    </line>
    <line>
      <![CDATA[Waiting for2000miliSec]]>
    </line>
    <line>
      <![CDATA[Cliking on homepage SignInButton]]>
    </line>
    <line>
      <![CDATA[Waiting for2000miliSec]]>
    </line>
    <line>
      <![CDATA[reading data mobNumfrom property file]]>
    </line>
    <line>
      <![CDATA[entering mobile number]]>
    </line>
    <line>
      <![CDATA[Waiting for3000miliSec]]>
    </line>
    <line>
      <![CDATA[Clicking On SignInWithPassword]]>
    </line>
    <line>
      <![CDATA[Waiting for2000miliSec]]>
    </line>
    <line>
      <![CDATA[reading data pwdfrom property file]]>
    </line>
    <line>
      <![CDATA[entering password]]>
    </line>
    <line>
      <![CDATA[Waiting for2000miliSec]]>
    </line>
    <line>
      <![CDATA[clicking On SignInButton]]>
    </line>
    <line>
      <![CDATA[Waiting for2000miliSec]]>
    </line>
    <line>
      <![CDATA[clicking On MyAccountButton]]>
    </line>
    <line>
      <![CDATA[Waiting for2000miliSec]]>
    </line>
    <line>
      <![CDATA[clicking On MyProfileButton]]>
    </line>
    <line>
      <![CDATA[Waiting for2000miliSec]]>
    </line>
    <line>
      <![CDATA[Switching to childPage]]>
    </line>
    <line>
      <![CDATA[Waiting for3000miliSec]]>
    </line>
    <line>
      <![CDATA[TC execution started for TCvalidateUserName]]>
    </line>
    <line>
      <![CDATA[Waiting for3000miliSec]]>
    </line>
    <line>
      <![CDATA[getting actual UserName]]>
    </line>
    <line>
      <![CDATA[reading data UNfrom property file]]>
    </line>
    <line>
      <![CDATA[taking Screenshot]]>
    </line>
    <line>
      <![CDATA[Screenshot location is...C:\Users\HP\eclipse-workspace\PolicyBazaar\screenshots\validateUserName.png]]>
    </line>
    <line>
      <![CDATA[logging out...]]>
    </line>
    <line>
      <![CDATA[Waiting for1000miliSec]]>
    </line>
    <line>
      <![CDATA[Closing Browser]]>
    </line>
  </reporter-output>
  <suite started-at="2023-07-14T19:38:25 IST" name="Suite" finished-at="2023-07-14T19:39:07 IST" duration-ms="42046">
    <groups>
    </groups>
    <test started-at="2023-07-14T19:38:25 IST" name="Test" finished-at="2023-07-14T19:39:07 IST" duration-ms="42046">
      <class name="test.PB_TC_1020_ValidatePolicyUserName">
        <test-method is-config="true" signature="launchPolicyBazaar()[pri:0, instance:test.PB_TC_1020_ValidatePolicyUserName@795509d9]" started-at="2023-07-14T19:38:25 IST" name="launchPolicyBazaar" finished-at="2023-07-14T19:38:37 IST" duration-ms="11825" status="PASS">
          <reporter-output>
            <line>
              <![CDATA[Waiting for1000miliSec]]>
            </line>
            <line>
              <![CDATA[reading data urlfrom property file]]>
            </line>
            <line>
              <![CDATA[Launching browser]]>
            </line>
          </reporter-output>
        </test-method> <!-- launchPolicyBazaar -->
        <test-method is-config="true" signature="signIntoPolicyBazaar()[pri:0, instance:test.PB_TC_1020_ValidatePolicyUserName@795509d9]" started-at="2023-07-14T19:38:37 IST" name="signIntoPolicyBazaar" finished-at="2023-07-14T19:39:02 IST" duration-ms="24635" status="PASS">
          <reporter-output>
            <line>
              <![CDATA[Waiting for2000miliSec]]>
            </line>
            <line>
              <![CDATA[Cliking on homepage SignInButton]]>
            </line>
            <line>
              <![CDATA[Waiting for2000miliSec]]>
            </line>
            <line>
              <![CDATA[reading data mobNumfrom property file]]>
            </line>
            <line>
              <![CDATA[entering mobile number]]>
            </line>
            <line>
              <![CDATA[Waiting for3000miliSec]]>
            </line>
            <line>
              <![CDATA[Clicking On SignInWithPassword]]>
            </line>
            <line>
              <![CDATA[Waiting for2000miliSec]]>
            </line>
            <line>
              <![CDATA[reading data pwdfrom property file]]>
            </line>
            <line>
              <![CDATA[entering password]]>
            </line>
            <line>
              <![CDATA[Waiting for2000miliSec]]>
            </line>
            <line>
              <![CDATA[clicking On SignInButton]]>
            </line>
            <line>
              <![CDATA[Waiting for2000miliSec]]>
            </line>
            <line>
              <![CDATA[clicking On MyAccountButton]]>
            </line>
            <line>
              <![CDATA[Waiting for2000miliSec]]>
            </line>
            <line>
              <![CDATA[clicking On MyProfileButton]]>
            </line>
            <line>
              <![CDATA[Waiting for2000miliSec]]>
            </line>
            <line>
              <![CDATA[Switching to childPage]]>
            </line>
            <line>
              <![CDATA[Waiting for3000miliSec]]>
            </line>
          </reporter-output>
        </test-method> <!-- signIntoPolicyBazaar -->
        <test-method signature="validateUserName()[pri:0, instance:test.PB_TC_1020_ValidatePolicyUserName@795509d9]" started-at="2023-07-14T19:39:02 IST" name="validateUserName" finished-at="2023-07-14T19:39:05 IST" duration-ms="3085" status="FAIL">
          <exception class="java.lang.AssertionError">
            <message>
              <![CDATA[TC is failed actual and expected are not matching expected [Shalaka Pandurang Mithari1] but found [Shalaka Pandurang Mithari]]]>
            </message>
            <full-stacktrace>
              <![CDATA[java.lang.AssertionError: TC is failed actual and expected are not matching expected [Shalaka Pandurang Mithari1] but found [Shalaka Pandurang Mithari]
at org.testng.Assert.fail(Assert.java:111)
at org.testng.Assert.failNotEquals(Assert.java:1578)
at org.testng.Assert.assertEqualsImpl(Assert.java:150)
at org.testng.Assert.assertEquals(Assert.java:132)
at org.testng.Assert.assertEquals(Assert.java:656)
at test.PB_TC_1020_ValidatePolicyUserName.validateUserName(PB_TC_1020_ValidatePolicyUserName.java:81)
at java.base/jdk.internal.reflect.NativeMethodAccessorImpl.invoke0(Native Method)
at java.base/jdk.internal.reflect.NativeMethodAccessorImpl.invoke(NativeMethodAccessorImpl.java:77)
at java.base/jdk.internal.reflect.DelegatingMethodAccessorImpl.invoke(DelegatingMethodAccessorImpl.java:43)
at java.base/java.lang.reflect.Method.invoke(Method.java:568)
at org.testng.internal.invokers.MethodInvocationHelper.invokeMethod(MethodInvocationHelper.java:139)
at org.testng.internal.invokers.TestInvoker.invokeMethod(TestInvoker.java:664)
at org.testng.internal.invokers.TestInvoker.invokeTestMethod(TestInvoker.java:227)
at org.testng.internal.invokers.MethodRunner.runInSequence(MethodRunner.java:50)
at org.testng.internal.invokers.TestInvoker$MethodInvocationAgent.invoke(TestInvoker.java:957)
at org.testng.internal.invokers.TestInvoker.invokeTestMethods(TestInvoker.java:200)
at org.testng.internal.invokers.TestMethodWorker.invokeTestMethods(TestMethodWorker.java:148)
at org.testng.internal.invokers.TestMethodWorker.run(TestMethodWorker.java:128)
at java.base/java.util.ArrayList.forEach(ArrayList.java:1511)
at org.testng.TestRunner.privateRun(TestRunner.java:848)
at org.testng.TestRunner.run(TestRunner.java:621)
at org.testng.SuiteRunner.runTest(SuiteRunner.java:443)
at org.testng.SuiteRunner.runSequentially(SuiteRunner.java:437)
at org.testng.SuiteRunner.privateRun(SuiteRunner.java:397)
at org.testng.SuiteRunner.run(SuiteRunner.java:336)
at org.testng.SuiteRunnerWorker.runSuite(SuiteRunnerWorker.java:52)
at org.testng.SuiteRunnerWorker.run(SuiteRunnerWorker.java:95)
at org.testng.TestNG.runSuitesSequentially(TestNG.java:1280)
at org.testng.TestNG.runSuitesLocally(TestNG.java:1200)
at org.testng.TestNG.runSuites(TestNG.java:1114)
at org.testng.TestNG.run(TestNG.java:1082)
at org.testng.remote.AbstractRemoteTestNG.run(AbstractRemoteTestNG.java:115)
at org.testng.remote.RemoteTestNG.initAndRun(RemoteTestNG.java:251)
at org.testng.remote.RemoteTestNG.main(RemoteTestNG.java:77)
]]>
            </full-stacktrace>
          </exception> <!-- java.lang.AssertionError -->
          <reporter-output>
            <line>
              <![CDATA[TC execution started for TCvalidateUserName]]>
            </line>
            <line>
              <![CDATA[Waiting for3000miliSec]]>
            </line>
            <line>
              <![CDATA[getting actual UserName]]>
            </line>
            <line>
              <![CDATA[reading data UNfrom property file]]>
            </line>
            <line>
              <![CDATA[taking Screenshot]]>
            </line>
            <line>
              <![CDATA[Screenshot location is...C:\Users\HP\eclipse-workspace\PolicyBazaar\screenshots\validateUserName.png]]>
            </line>
          </reporter-output>
        </test-method> <!-- validateUserName -->
        <test-method is-config="true" signature="logOutFromPolicyBazaar()[pri:0, instance:test.PB_TC_1020_ValidatePolicyUserName@795509d9]" started-at="2023-07-14T19:39:05 IST" name="logOutFromPolicyBazaar" finished-at="2023-07-14T19:39:06 IST" duration-ms="374" status="PASS">
          <reporter-output>
            <line>
              <![CDATA[logging out...]]>
            </line>
          </reporter-output>
        </test-method> <!-- logOutFromPolicyBazaar -->
        <test-method is-config="true" signature="closePolicyBazaar()[pri:0, instance:test.PB_TC_1020_ValidatePolicyUserName@795509d9]" started-at="2023-07-14T19:39:06 IST" name="closePolicyBazaar" finished-at="2023-07-14T19:39:07 IST" duration-ms="1769" status="PASS">
          <reporter-output>
            <line>
              <![CDATA[Waiting for1000miliSec]]>
            </line>
            <line>
              <![CDATA[Closing Browser]]>
            </line>
          </reporter-output>
        </test-method> <!-- closePolicyBazaar -->
      </class> <!-- test.PB_TC_1020_ValidatePolicyUserName -->
    </test> <!-- Test -->
  </suite> <!-- Suite -->
</testng-results>
